<?xml version="1.0" encoding="UTF-8"?>
<testng-results ignored="0" total="1" passed="1" failed="0" skipped="0">
  <reporter-output>
  </reporter-output>
  <suite started-at="2025-02-05T15:01:18 IST" name="Surefire suite" finished-at="2025-02-05T15:01:22 IST" duration-ms="4622">
    <groups>
    </groups>
    <test started-at="2025-02-05T15:01:18 IST" name="Surefire test" finished-at="2025-02-05T15:01:22 IST" duration-ms="4622">
      <class name="GetRequest.Auth">
        <test-method signature="test01()[pri:0, instance:GetRequest.Auth@37e547da]" started-at="2025-02-05T15:01:18 IST" name="test01" finished-at="2025-02-05T15:01:22 IST" duration-ms="4565" status="PASS">
          <reporter-output>
          </reporter-output>
        </test-method> <!-- test01 -->
      </class> <!-- GetRequest.Auth -->
    </test> <!-- Surefire test -->
  </suite> <!-- Surefire suite -->
</testng-results>
