<?xml version="1.0" encoding="UTF-8"?>
<testsuite xmlns:xsi="http://www.w3.org/2001/XMLSchema-instance" xsi:noNamespaceSchemaLocation="https://maven.apache.org/surefire/maven-surefire-plugin/xsd/surefire-test-report-3.0.xsd" version="3.0" name="GetRequest.Auth" time="6.779" tests="1" errors="0" skipped="0" failures="0">
  <properties>
[...]
</properties>
  <testcase name="test01" classname="GetRequest.Auth" time="4.579">
    <system-out><![CDATA[HTTP/1.1 200 OK
Date: Wed, 05 Feb 2025 09:31:23 GMT
Content-Type: application/json; charset=utf-8
Transfer-Encoding: chunked
Connection: keep-alive
Report-To: {"group":"heroku-nel","max_age":3600,"endpoints":[{"url":"https://nel.heroku.com/reports?ts=1738659018&sid=c4c9725f-1ab0-44d8-820f-430df2718e11&s=wWiKhZaTGmDONjvUCoqkgEIdJceHO8QdOCMucteYh3w%3D"}]}
Reporting-Endpoints: heroku-nel=https://nel.heroku.com/reports?ts=1738659018&sid=c4c9725f-1ab0-44d8-820f-430df2718e11&s=wWiKhZaTGmDONjvUCoqkgEIdJceHO8QdOCMucteYh3w%3D
Nel: {"report_to":"heroku-nel","max_age":3600,"success_fraction":0.005,"failure_fraction":0.05,"response_headers":["Via"]}
X-Powered-By: Express
Access-Control-Allow-Origin: *
Etag: W/"152-ApQgGHL6RKwaebFlrPCYPBO1xHg"
Via: 1.1 vegur
Cache-Control: max-age=14400
CF-Cache-Status: HIT
Age: 2440
Vary: Accept-Encoding
Server: cloudflare
CF-RAY: 90d1e31cbaf23a2c-BOM
Content-Encoding: gzip
server-timing: cfL4;desc="?proto=TCP&rtt=66146&min_rtt=65041&rtt_var=26602&sent=7&recv=7&lost=0&retrans=0&sent_bytes=3108&recv_bytes=746&delivery_rate=51239&cwnd=252&unsent_bytes=0&cid=ab08959829fe43db&ts=290&x=0"

{
    "data": {
        "id": 2,
        "email": "janet.weaver@reqres.in",
        "first_name": "Janet",
        "last_name": "Weaver",
        "avatar": "https://reqres.in/img/faces/2-image.jpg"
    },
    "support": {
        "url": "https://contentcaddy.io?utm_source=reqres&utm_medium=json&utm_campaign=referral",
        "text": "Tired of writing endless social media content? Let Content Caddy generate it for you."
    }
}
Test Passed
]]></system-out>
    <system-err><![CDATA[SLF4J: Failed to load class "org.slf4j.impl.StaticLoggerBinder".
SLF4J: Defaulting to no-operation (NOP) logger implementation
SLF4J: See http://www.slf4j.org/codes.html#StaticLoggerBinder for further details.
]]></system-err>
  </testcase>
</testsuite>